<?xml version="1.0" encoding="UTF-8"?>
<!-- Generated by org.testng.reporters.JUnitReportReporter -->
<testsuite hostname="Users-Air" name="test" tests="1" failures="0" timestamp="23 Jul 2018 07:50:50 GMT" time="14.353" errors="0">
  <testcase name="facebookTest" time="14.353" classname="test"/>
</testsuite> <!-- test -->
